"gcc -o conftest -I/tmp/build_df2ca109317f9ad19271a6531b48c141/vendor/ruby-2.2.3/include/ruby-2.2.0/x86_64-linux -I/tmp/build_df2ca109317f9ad19271a6531b48c141/vendor/ruby-2.2.3/include/ruby-2.2.0/ruby/backward -I/tmp/build_df2ca109317f9ad19271a6531b48c141/vendor/ruby-2.2.3/include/ruby-2.2.0 -I.     -O3 -fno-fast-math -g -Wall -Wextra -Wno-unused-parameter -Wno-parentheses -Wno-long-long -Wno-missing-field-initializers -Wunused-variable -Wpointer-arith -Wwrite-strings -Wdeclaration-after-statement -Wimplicit-function-declaration -Wdeprecated-declarations -Wno-packed-bitfield-compat  conftest.c  -L. -L/tmp/build_df2ca109317f9ad19271a6531b48c141/vendor/ruby-2.2.3/lib -Wl,-R/tmp/build_df2ca109317f9ad19271a6531b48c141/vendor/ruby-2.2.3/lib -L. -fstack-protector -rdynamic -Wl,-export-dynamic     -Wl,-R/tmp/build_df2ca109317f9ad19271a6531b48c141/vendor/ruby-2.2.3/lib -lruby-static  -lpthread -ldl -lcrypt -lm   -lc "
checked program was:
/* begin */
1: #include "ruby.h"
2: 
3: int main(int argc, char **argv)
4: {
5:   return 0;
6: }
/* end */

"gcc -I/tmp/build_df2ca109317f9ad19271a6531b48c141/vendor/ruby-2.2.3/include/ruby-2.2.0/x86_64-linux -I/tmp/build_df2ca109317f9ad19271a6531b48c141/vendor/ruby-2.2.3/include/ruby-2.2.0/ruby/backward -I/tmp/build_df2ca109317f9ad19271a6531b48c141/vendor/ruby-2.2.3/include/ruby-2.2.0 -I.     -O3 -fno-fast-math -g -Wall -Wextra -Wno-unused-parameter -Wno-parentheses -Wno-long-long -Wno-missing-field-initializers -Wunused-variable -Wpointer-arith -Wwrite-strings -Wdeclaration-after-statement -Wimplicit-function-declaration -Wdeprecated-declarations -Wno-packed-bitfield-compat    -Werror -c conftest.c"
checked program was:
/* begin */
1: #include "ruby.h"
2: 
3: int main() {return 0;}
/* end */

"gcc -o conftest -I/tmp/build_df2ca109317f9ad19271a6531b48c141/vendor/ruby-2.2.3/include/ruby-2.2.0/x86_64-linux -I/tmp/build_df2ca109317f9ad19271a6531b48c141/vendor/ruby-2.2.3/include/ruby-2.2.0/ruby/backward -I/tmp/build_df2ca109317f9ad19271a6531b48c141/vendor/ruby-2.2.3/include/ruby-2.2.0 -I.     -O3 -fno-fast-math -g -Wall -Wextra -Wno-unused-parameter -Wno-parentheses -Wno-long-long -Wno-missing-field-initializers -Wunused-variable -Wpointer-arith -Wwrite-strings -Wdeclaration-after-statement -Wimplicit-function-declaration -Wdeprecated-declarations -Wno-packed-bitfield-compat  -g -DXP_UNIX -O3 -Wall -Wcast-qual -Wwrite-strings -Wconversion -Wmissing-noreturn -Winline conftest.c  -L. -L/tmp/build_df2ca109317f9ad19271a6531b48c141/vendor/ruby-2.2.3/lib -Wl,-R/tmp/build_df2ca109317f9ad19271a6531b48c141/vendor/ruby-2.2.3/lib -L. -fstack-protector -rdynamic -Wl,-export-dynamic     -Wl,-R/tmp/build_df2ca109317f9ad19271a6531b48c141/vendor/ruby-2.2.3/lib -lruby-static -lxml2 -lpthread -ldl -lcrypt -lm   -lc "
checked program was:
/* begin */
1: #include "ruby.h"
2: 
3: int main(int argc, char **argv)
4: {
5:   return 0;
6: }
/* end */

package configuration for libxml-2.0
cflags: 
ldflags: 
libs: -lxml2

"gcc -o conftest -I/tmp/build_df2ca109317f9ad19271a6531b48c141/vendor/ruby-2.2.3/include/ruby-2.2.0/x86_64-linux -I/tmp/build_df2ca109317f9ad19271a6531b48c141/vendor/ruby-2.2.3/include/ruby-2.2.0/ruby/backward -I/tmp/build_df2ca109317f9ad19271a6531b48c141/vendor/ruby-2.2.3/include/ruby-2.2.0 -I. -I/usr/include/libxml2     -O3 -fno-fast-math -g -Wall -Wextra -Wno-unused-parameter -Wno-parentheses -Wno-long-long -Wno-missing-field-initializers -Wunused-variable -Wpointer-arith -Wwrite-strings -Wdeclaration-after-statement -Wimplicit-function-declaration -Wdeprecated-declarations -Wno-packed-bitfield-compat  -g -DXP_UNIX -O3 -Wall -Wcast-qual -Wwrite-strings -Wconversion -Wmissing-noreturn -Winline  conftest.c  -L. -L/tmp/build_df2ca109317f9ad19271a6531b48c141/vendor/ruby-2.2.3/lib -Wl,-R/tmp/build_df2ca109317f9ad19271a6531b48c141/vendor/ruby-2.2.3/lib -L. -fstack-protector -rdynamic -Wl,-export-dynamic      -lxml2 -Wl,-R/tmp/build_df2ca109317f9ad19271a6531b48c141/vendor/ruby-2.2.3/lib -lruby-static -lxslt -lxml2 -lpthread -ldl -lcrypt -lm   -lc "
checked program was:
/* begin */
1: #include "ruby.h"
2: 
3: int main(int argc, char **argv)
4: {
5:   return 0;
6: }
/* end */

package configuration for libxslt
cflags: 
ldflags: 
libs: -lxslt -lxml2

"gcc -o conftest -I/tmp/build_df2ca109317f9ad19271a6531b48c141/vendor/ruby-2.2.3/include/ruby-2.2.0/x86_64-linux -I/tmp/build_df2ca109317f9ad19271a6531b48c141/vendor/ruby-2.2.3/include/ruby-2.2.0/ruby/backward -I/tmp/build_df2ca109317f9ad19271a6531b48c141/vendor/ruby-2.2.3/include/ruby-2.2.0 -I. -I/usr/include/libxml2 -I/usr/include/libxml2     -O3 -fno-fast-math -g -Wall -Wextra -Wno-unused-parameter -Wno-parentheses -Wno-long-long -Wno-missing-field-initializers -Wunused-variable -Wpointer-arith -Wwrite-strings -Wdeclaration-after-statement -Wimplicit-function-declaration -Wdeprecated-declarations -Wno-packed-bitfield-compat  -g -DXP_UNIX -O3 -Wall -Wcast-qual -Wwrite-strings -Wconversion -Wmissing-noreturn -Winline   conftest.c  -L. -L/tmp/build_df2ca109317f9ad19271a6531b48c141/vendor/ruby-2.2.3/lib -Wl,-R/tmp/build_df2ca109317f9ad19271a6531b48c141/vendor/ruby-2.2.3/lib -L. -fstack-protector -rdynamic -Wl,-export-dynamic       -lxml2 -lxslt -lxml2 -Wl,-R/tmp/build_df2ca109317f9ad19271a6531b48c141/vendor/ruby-2.2.3/lib -lruby-static -lexslt -lxslt -lxml2 -lpthread -ldl -lcrypt -lm   -lc "
checked program was:
/* begin */
1: #include "ruby.h"
2: 
3: int main(int argc, char **argv)
4: {
5:   return 0;
6: }
/* end */

package configuration for libexslt
cflags: 
ldflags: 
libs: -lexslt -lxslt -lxml2

"gcc -E -I/tmp/build_df2ca109317f9ad19271a6531b48c141/vendor/ruby-2.2.3/include/ruby-2.2.0/x86_64-linux -I/tmp/build_df2ca109317f9ad19271a6531b48c141/vendor/ruby-2.2.3/include/ruby-2.2.0/ruby/backward -I/tmp/build_df2ca109317f9ad19271a6531b48c141/vendor/ruby-2.2.3/include/ruby-2.2.0 -I. -I/usr/include/libxml2 -I/usr/include/libxml2 -I/usr/include/libxml2     -O3 -fno-fast-math -g -Wall -Wextra -Wno-unused-parameter -Wno-parentheses -Wno-long-long -Wno-missing-field-initializers -Wunused-variable -Wpointer-arith -Wwrite-strings -Wdeclaration-after-statement -Wimplicit-function-declaration -Wdeprecated-declarations -Wno-packed-bitfield-compat  -g -DXP_UNIX -O3 -Wall -Wcast-qual -Wwrite-strings -Wconversion -Wmissing-noreturn -Winline     conftest.c -o conftest.i"
checked program was:
/* begin */
1: #include "ruby.h"
2: 
3: #include <libxml/xmlversion.h>
4: 
5: #if LIBXML_VERSION < 20621
6: #error libxml2 is way too old
7: #endif
/* end */

"gcc -E -I/tmp/build_df2ca109317f9ad19271a6531b48c141/vendor/ruby-2.2.3/include/ruby-2.2.0/x86_64-linux -I/tmp/build_df2ca109317f9ad19271a6531b48c141/vendor/ruby-2.2.3/include/ruby-2.2.0/ruby/backward -I/tmp/build_df2ca109317f9ad19271a6531b48c141/vendor/ruby-2.2.3/include/ruby-2.2.0 -I. -I/usr/include/libxml2 -I/usr/include/libxml2 -I/usr/include/libxml2     -O3 -fno-fast-math -g -Wall -Wextra -Wno-unused-parameter -Wno-parentheses -Wno-long-long -Wno-missing-field-initializers -Wunused-variable -Wpointer-arith -Wwrite-strings -Wdeclaration-after-statement -Wimplicit-function-declaration -Wdeprecated-declarations -Wno-packed-bitfield-compat  -g -DXP_UNIX -O3 -Wall -Wcast-qual -Wwrite-strings -Wconversion -Wmissing-noreturn -Winline     conftest.c -o conftest.i"
conftest.c:6:2: error: #error libxml2 is too old
 #error libxml2 is too old
  ^
checked program was:
/* begin */
1: #include "ruby.h"
2: 
3: #include <libxml/xmlversion.h>
4: 
5: #if LIBXML_VERSION < 20902
6: #error libxml2 is too old
7: #endif
/* end */

have_func: checking for xmlParseDoc() in libxml/parser.h... -------------------- yes

"gcc -o conftest -I/tmp/build_df2ca109317f9ad19271a6531b48c141/vendor/ruby-2.2.3/include/ruby-2.2.0/x86_64-linux -I/tmp/build_df2ca109317f9ad19271a6531b48c141/vendor/ruby-2.2.3/include/ruby-2.2.0/ruby/backward -I/tmp/build_df2ca109317f9ad19271a6531b48c141/vendor/ruby-2.2.3/include/ruby-2.2.0 -I. -I/usr/include/libxml2 -I/usr/include/libxml2 -I/usr/include/libxml2     -O3 -fno-fast-math -g -Wall -Wextra -Wno-unused-parameter -Wno-parentheses -Wno-long-long -Wno-missing-field-initializers -Wunused-variable -Wpointer-arith -Wwrite-strings -Wdeclaration-after-statement -Wimplicit-function-declaration -Wdeprecated-declarations -Wno-packed-bitfield-compat  -g -DXP_UNIX -O3 -Wall -Wcast-qual -Wwrite-strings -Wconversion -Wmissing-noreturn -Winline    conftest.c  -L. -L/tmp/build_df2ca109317f9ad19271a6531b48c141/vendor/ruby-2.2.3/lib -Wl,-R/tmp/build_df2ca109317f9ad19271a6531b48c141/vendor/ruby-2.2.3/lib -L. -fstack-protector -rdynamic -Wl,-export-dynamic        -lxml2 -lxslt -lxml2 -lexslt -lxslt -lxml2 -Wl,-R/tmp/build_df2ca109317f9ad19271a6531b48c141/vendor/ruby-2.2.3/lib -lruby-static  -lxml2 -lxslt -lxml2 -lexslt -lxslt -lxml2 -lpthread -ldl -lcrypt -lm   -lc "
conftest.c: In function ‘t’:
conftest.c:15:32: warning: variable ‘p’ set but not used [-Wunused-but-set-variable]
 int t(void) { void ((*volatile p)()); p = (void ((*)()))xmlParseDoc; return 0; }
                                ^
checked program was:
/* begin */
 1: #include "ruby.h"
 2: 
 3: #include <libxml/parser.h>
 4: 
 5: /*top*/
 6: extern int t(void);
 7: int main(int argc, char **argv)
 8: {
 9:   if (argc > 1000000) {
10:     printf("%p", &t);
11:   }
12: 
13:   return 0;
14: }
15: int t(void) { void ((*volatile p)()); p = (void ((*)()))xmlParseDoc; return 0; }
/* end */

--------------------

have_func: checking for xsltParseStylesheetDoc() in libxslt/xslt.h... -------------------- yes

"gcc -o conftest -I/tmp/build_df2ca109317f9ad19271a6531b48c141/vendor/ruby-2.2.3/include/ruby-2.2.0/x86_64-linux -I/tmp/build_df2ca109317f9ad19271a6531b48c141/vendor/ruby-2.2.3/include/ruby-2.2.0/ruby/backward -I/tmp/build_df2ca109317f9ad19271a6531b48c141/vendor/ruby-2.2.3/include/ruby-2.2.0 -I. -I/usr/include/libxml2 -I/usr/include/libxml2 -I/usr/include/libxml2     -O3 -fno-fast-math -g -Wall -Wextra -Wno-unused-parameter -Wno-parentheses -Wno-long-long -Wno-missing-field-initializers -Wunused-variable -Wpointer-arith -Wwrite-strings -Wdeclaration-after-statement -Wimplicit-function-declaration -Wdeprecated-declarations -Wno-packed-bitfield-compat  -g -DXP_UNIX -O3 -Wall -Wcast-qual -Wwrite-strings -Wconversion -Wmissing-noreturn -Winline    conftest.c  -L. -L/tmp/build_df2ca109317f9ad19271a6531b48c141/vendor/ruby-2.2.3/lib -Wl,-R/tmp/build_df2ca109317f9ad19271a6531b48c141/vendor/ruby-2.2.3/lib -L. -fstack-protector -rdynamic -Wl,-export-dynamic        -lxml2 -lxslt -lxml2 -lexslt -lxslt -lxml2 -Wl,-R/tmp/build_df2ca109317f9ad19271a6531b48c141/vendor/ruby-2.2.3/lib -lruby-static  -lxml2 -lxslt -lxml2 -lexslt -lxslt -lxml2 -lpthread -ldl -lcrypt -lm   -lc "
conftest.c: In function ‘t’:
conftest.c:15:57: error: ‘xsltParseStylesheetDoc’ undeclared (first use in this function)
 int t(void) { void ((*volatile p)()); p = (void ((*)()))xsltParseStylesheetDoc; return 0; }
                                                         ^
conftest.c:15:57: note: each undeclared identifier is reported only once for each function it appears in
conftest.c:15:32: warning: variable ‘p’ set but not used [-Wunused-but-set-variable]
 int t(void) { void ((*volatile p)()); p = (void ((*)()))xsltParseStylesheetDoc; return 0; }
                                ^
checked program was:
/* begin */
 1: #include "ruby.h"
 2: 
 3: #include <libxslt/xslt.h>
 4: 
 5: /*top*/
 6: extern int t(void);
 7: int main(int argc, char **argv)
 8: {
 9:   if (argc > 1000000) {
10:     printf("%p", &t);
11:   }
12: 
13:   return 0;
14: }
15: int t(void) { void ((*volatile p)()); p = (void ((*)()))xsltParseStylesheetDoc; return 0; }
/* end */

"gcc -o conftest -I/tmp/build_df2ca109317f9ad19271a6531b48c141/vendor/ruby-2.2.3/include/ruby-2.2.0/x86_64-linux -I/tmp/build_df2ca109317f9ad19271a6531b48c141/vendor/ruby-2.2.3/include/ruby-2.2.0/ruby/backward -I/tmp/build_df2ca109317f9ad19271a6531b48c141/vendor/ruby-2.2.3/include/ruby-2.2.0 -I. -I/usr/include/libxml2 -I/usr/include/libxml2 -I/usr/include/libxml2     -O3 -fno-fast-math -g -Wall -Wextra -Wno-unused-parameter -Wno-parentheses -Wno-long-long -Wno-missing-field-initializers -Wunused-variable -Wpointer-arith -Wwrite-strings -Wdeclaration-after-statement -Wimplicit-function-declaration -Wdeprecated-declarations -Wno-packed-bitfield-compat  -g -DXP_UNIX -O3 -Wall -Wcast-qual -Wwrite-strings -Wconversion -Wmissing-noreturn -Winline    conftest.c  -L. -L/tmp/build_df2ca109317f9ad19271a6531b48c141/vendor/ruby-2.2.3/lib -Wl,-R/tmp/build_df2ca109317f9ad19271a6531b48c141/vendor/ruby-2.2.3/lib -L. -fstack-protector -rdynamic -Wl,-export-dynamic        -lxml2 -lxslt -lxml2 -lexslt -lxslt -lxml2 -Wl,-R/tmp/build_df2ca109317f9ad19271a6531b48c141/vendor/ruby-2.2.3/lib -lruby-static  -lxml2 -lxslt -lxml2 -lexslt -lxslt -lxml2 -lpthread -ldl -lcrypt -lm   -lc "
conftest.c: In function ‘t’:
conftest.c:15:1: warning: implicit declaration of function ‘xsltParseStylesheetDoc’ [-Wimplicit-function-declaration]
 int t(void) { xsltParseStylesheetDoc(); return 0; }
 ^
checked program was:
/* begin */
 1: #include "ruby.h"
 2: 
 3: #include <libxslt/xslt.h>
 4: 
 5: /*top*/
 6: extern int t(void);
 7: int main(int argc, char **argv)
 8: {
 9:   if (argc > 1000000) {
10:     printf("%p", &t);
11:   }
12: 
13:   return 0;
14: }
15: int t(void) { xsltParseStylesheetDoc(); return 0; }
/* end */

--------------------

have_func: checking for exsltFuncRegister() in libexslt/exslt.h... -------------------- yes

"gcc -o conftest -I/tmp/build_df2ca109317f9ad19271a6531b48c141/vendor/ruby-2.2.3/include/ruby-2.2.0/x86_64-linux -I/tmp/build_df2ca109317f9ad19271a6531b48c141/vendor/ruby-2.2.3/include/ruby-2.2.0/ruby/backward -I/tmp/build_df2ca109317f9ad19271a6531b48c141/vendor/ruby-2.2.3/include/ruby-2.2.0 -I. -I/usr/include/libxml2 -I/usr/include/libxml2 -I/usr/include/libxml2     -O3 -fno-fast-math -g -Wall -Wextra -Wno-unused-parameter -Wno-parentheses -Wno-long-long -Wno-missing-field-initializers -Wunused-variable -Wpointer-arith -Wwrite-strings -Wdeclaration-after-statement -Wimplicit-function-declaration -Wdeprecated-declarations -Wno-packed-bitfield-compat  -g -DXP_UNIX -O3 -Wall -Wcast-qual -Wwrite-strings -Wconversion -Wmissing-noreturn -Winline    conftest.c  -L. -L/tmp/build_df2ca109317f9ad19271a6531b48c141/vendor/ruby-2.2.3/lib -Wl,-R/tmp/build_df2ca109317f9ad19271a6531b48c141/vendor/ruby-2.2.3/lib -L. -fstack-protector -rdynamic -Wl,-export-dynamic        -lxml2 -lxslt -lxml2 -lexslt -lxslt -lxml2 -Wl,-R/tmp/build_df2ca109317f9ad19271a6531b48c141/vendor/ruby-2.2.3/lib -lruby-static  -lxml2 -lxslt -lxml2 -lexslt -lxslt -lxml2 -lpthread -ldl -lcrypt -lm   -lc "
conftest.c: In function ‘t’:
conftest.c:15:32: warning: variable ‘p’ set but not used [-Wunused-but-set-variable]
 int t(void) { void ((*volatile p)()); p = (void ((*)()))exsltFuncRegister; return 0; }
                                ^
checked program was:
/* begin */
 1: #include "ruby.h"
 2: 
 3: #include <libexslt/exslt.h>
 4: 
 5: /*top*/
 6: extern int t(void);
 7: int main(int argc, char **argv)
 8: {
 9:   if (argc > 1000000) {
10:     printf("%p", &t);
11:   }
12: 
13:   return 0;
14: }
15: int t(void) { void ((*volatile p)()); p = (void ((*)()))exsltFuncRegister; return 0; }
/* end */

--------------------

have_func: checking for xmlHasFeature()... -------------------- yes

"gcc -o conftest -I/tmp/build_df2ca109317f9ad19271a6531b48c141/vendor/ruby-2.2.3/include/ruby-2.2.0/x86_64-linux -I/tmp/build_df2ca109317f9ad19271a6531b48c141/vendor/ruby-2.2.3/include/ruby-2.2.0/ruby/backward -I/tmp/build_df2ca109317f9ad19271a6531b48c141/vendor/ruby-2.2.3/include/ruby-2.2.0 -I. -I/usr/include/libxml2 -I/usr/include/libxml2 -I/usr/include/libxml2     -O3 -fno-fast-math -g -Wall -Wextra -Wno-unused-parameter -Wno-parentheses -Wno-long-long -Wno-missing-field-initializers -Wunused-variable -Wpointer-arith -Wwrite-strings -Wdeclaration-after-statement -Wimplicit-function-declaration -Wdeprecated-declarations -Wno-packed-bitfield-compat  -g -DXP_UNIX -O3 -Wall -Wcast-qual -Wwrite-strings -Wconversion -Wmissing-noreturn -Winline    conftest.c  -L. -L/tmp/build_df2ca109317f9ad19271a6531b48c141/vendor/ruby-2.2.3/lib -Wl,-R/tmp/build_df2ca109317f9ad19271a6531b48c141/vendor/ruby-2.2.3/lib -L. -fstack-protector -rdynamic -Wl,-export-dynamic        -lxml2 -lxslt -lxml2 -lexslt -lxslt -lxml2 -Wl,-R/tmp/build_df2ca109317f9ad19271a6531b48c141/vendor/ruby-2.2.3/lib -lruby-static  -lxml2 -lxslt -lxml2 -lexslt -lxslt -lxml2 -lpthread -ldl -lcrypt -lm   -lc "
conftest.c: In function ‘t’:
conftest.c:13:57: error: ‘xmlHasFeature’ undeclared (first use in this function)
 int t(void) { void ((*volatile p)()); p = (void ((*)()))xmlHasFeature; return 0; }
                                                         ^
conftest.c:13:57: note: each undeclared identifier is reported only once for each function it appears in
conftest.c:13:32: warning: variable ‘p’ set but not used [-Wunused-but-set-variable]
 int t(void) { void ((*volatile p)()); p = (void ((*)()))xmlHasFeature; return 0; }
                                ^
checked program was:
/* begin */
 1: #include "ruby.h"
 2: 
 3: /*top*/
 4: extern int t(void);
 5: int main(int argc, char **argv)
 6: {
 7:   if (argc > 1000000) {
 8:     printf("%p", &t);
 9:   }
10: 
11:   return 0;
12: }
13: int t(void) { void ((*volatile p)()); p = (void ((*)()))xmlHasFeature; return 0; }
/* end */

"gcc -o conftest -I/tmp/build_df2ca109317f9ad19271a6531b48c141/vendor/ruby-2.2.3/include/ruby-2.2.0/x86_64-linux -I/tmp/build_df2ca109317f9ad19271a6531b48c141/vendor/ruby-2.2.3/include/ruby-2.2.0/ruby/backward -I/tmp/build_df2ca109317f9ad19271a6531b48c141/vendor/ruby-2.2.3/include/ruby-2.2.0 -I. -I/usr/include/libxml2 -I/usr/include/libxml2 -I/usr/include/libxml2     -O3 -fno-fast-math -g -Wall -Wextra -Wno-unused-parameter -Wno-parentheses -Wno-long-long -Wno-missing-field-initializers -Wunused-variable -Wpointer-arith -Wwrite-strings -Wdeclaration-after-statement -Wimplicit-function-declaration -Wdeprecated-declarations -Wno-packed-bitfield-compat  -g -DXP_UNIX -O3 -Wall -Wcast-qual -Wwrite-strings -Wconversion -Wmissing-noreturn -Winline    conftest.c  -L. -L/tmp/build_df2ca109317f9ad19271a6531b48c141/vendor/ruby-2.2.3/lib -Wl,-R/tmp/build_df2ca109317f9ad19271a6531b48c141/vendor/ruby-2.2.3/lib -L. -fstack-protector -rdynamic -Wl,-export-dynamic        -lxml2 -lxslt -lxml2 -lexslt -lxslt -lxml2 -Wl,-R/tmp/build_df2ca109317f9ad19271a6531b48c141/vendor/ruby-2.2.3/lib -lruby-static  -lxml2 -lxslt -lxml2 -lexslt -lxslt -lxml2 -lpthread -ldl -lcrypt -lm   -lc "
conftest.c: In function ‘t’:
conftest.c:13:1: warning: implicit declaration of function ‘xmlHasFeature’ [-Wimplicit-function-declaration]
 int t(void) { xmlHasFeature(); return 0; }
 ^
checked program was:
/* begin */
 1: #include "ruby.h"
 2: 
 3: /*top*/
 4: extern int t(void);
 5: int main(int argc, char **argv)
 6: {
 7:   if (argc > 1000000) {
 8:     printf("%p", &t);
 9:   }
10: 
11:   return 0;
12: }
13: int t(void) { xmlHasFeature(); return 0; }
/* end */

--------------------

have_func: checking for xmlFirstElementChild()... -------------------- yes

"gcc -o conftest -I/tmp/build_df2ca109317f9ad19271a6531b48c141/vendor/ruby-2.2.3/include/ruby-2.2.0/x86_64-linux -I/tmp/build_df2ca109317f9ad19271a6531b48c141/vendor/ruby-2.2.3/include/ruby-2.2.0/ruby/backward -I/tmp/build_df2ca109317f9ad19271a6531b48c141/vendor/ruby-2.2.3/include/ruby-2.2.0 -I. -I/usr/include/libxml2 -I/usr/include/libxml2 -I/usr/include/libxml2     -O3 -fno-fast-math -g -Wall -Wextra -Wno-unused-parameter -Wno-parentheses -Wno-long-long -Wno-missing-field-initializers -Wunused-variable -Wpointer-arith -Wwrite-strings -Wdeclaration-after-statement -Wimplicit-function-declaration -Wdeprecated-declarations -Wno-packed-bitfield-compat  -g -DXP_UNIX -O3 -Wall -Wcast-qual -Wwrite-strings -Wconversion -Wmissing-noreturn -Winline    conftest.c  -L. -L/tmp/build_df2ca109317f9ad19271a6531b48c141/vendor/ruby-2.2.3/lib -Wl,-R/tmp/build_df2ca109317f9ad19271a6531b48c141/vendor/ruby-2.2.3/lib -L. -fstack-protector -rdynamic -Wl,-export-dynamic        -lxml2 -lxslt -lxml2 -lexslt -lxslt -lxml2 -Wl,-R/tmp/build_df2ca109317f9ad19271a6531b48c141/vendor/ruby-2.2.3/lib -lruby-static  -lxml2 -lxslt -lxml2 -lexslt -lxslt -lxml2 -lpthread -ldl -lcrypt -lm   -lc "
conftest.c: In function ‘t’:
conftest.c:13:57: error: ‘xmlFirstElementChild’ undeclared (first use in this function)
 int t(void) { void ((*volatile p)()); p = (void ((*)()))xmlFirstElementChild; return 0; }
                                                         ^
conftest.c:13:57: note: each undeclared identifier is reported only once for each function it appears in
conftest.c:13:32: warning: variable ‘p’ set but not used [-Wunused-but-set-variable]
 int t(void) { void ((*volatile p)()); p = (void ((*)()))xmlFirstElementChild; return 0; }
                                ^
checked program was:
/* begin */
 1: #include "ruby.h"
 2: 
 3: /*top*/
 4: extern int t(void);
 5: int main(int argc, char **argv)
 6: {
 7:   if (argc > 1000000) {
 8:     printf("%p", &t);
 9:   }
10: 
11:   return 0;
12: }
13: int t(void) { void ((*volatile p)()); p = (void ((*)()))xmlFirstElementChild; return 0; }
/* end */

"gcc -o conftest -I/tmp/build_df2ca109317f9ad19271a6531b48c141/vendor/ruby-2.2.3/include/ruby-2.2.0/x86_64-linux -I/tmp/build_df2ca109317f9ad19271a6531b48c141/vendor/ruby-2.2.3/include/ruby-2.2.0/ruby/backward -I/tmp/build_df2ca109317f9ad19271a6531b48c141/vendor/ruby-2.2.3/include/ruby-2.2.0 -I. -I/usr/include/libxml2 -I/usr/include/libxml2 -I/usr/include/libxml2     -O3 -fno-fast-math -g -Wall -Wextra -Wno-unused-parameter -Wno-parentheses -Wno-long-long -Wno-missing-field-initializers -Wunused-variable -Wpointer-arith -Wwrite-strings -Wdeclaration-after-statement -Wimplicit-function-declaration -Wdeprecated-declarations -Wno-packed-bitfield-compat  -g -DXP_UNIX -O3 -Wall -Wcast-qual -Wwrite-strings -Wconversion -Wmissing-noreturn -Winline    conftest.c  -L. -L/tmp/build_df2ca109317f9ad19271a6531b48c141/vendor/ruby-2.2.3/lib -Wl,-R/tmp/build_df2ca109317f9ad19271a6531b48c141/vendor/ruby-2.2.3/lib -L. -fstack-protector -rdynamic -Wl,-export-dynamic        -lxml2 -lxslt -lxml2 -lexslt -lxslt -lxml2 -Wl,-R/tmp/build_df2ca109317f9ad19271a6531b48c141/vendor/ruby-2.2.3/lib -lruby-static  -lxml2 -lxslt -lxml2 -lexslt -lxslt -lxml2 -lpthread -ldl -lcrypt -lm   -lc "
conftest.c: In function ‘t’:
conftest.c:13:1: warning: implicit declaration of function ‘xmlFirstElementChild’ [-Wimplicit-function-declaration]
 int t(void) { xmlFirstElementChild(); return 0; }
 ^
checked program was:
/* begin */
 1: #include "ruby.h"
 2: 
 3: /*top*/
 4: extern int t(void);
 5: int main(int argc, char **argv)
 6: {
 7:   if (argc > 1000000) {
 8:     printf("%p", &t);
 9:   }
10: 
11:   return 0;
12: }
13: int t(void) { xmlFirstElementChild(); return 0; }
/* end */

--------------------

have_func: checking for xmlRelaxNGSetParserStructuredErrors()... -------------------- yes

"gcc -o conftest -I/tmp/build_df2ca109317f9ad19271a6531b48c141/vendor/ruby-2.2.3/include/ruby-2.2.0/x86_64-linux -I/tmp/build_df2ca109317f9ad19271a6531b48c141/vendor/ruby-2.2.3/include/ruby-2.2.0/ruby/backward -I/tmp/build_df2ca109317f9ad19271a6531b48c141/vendor/ruby-2.2.3/include/ruby-2.2.0 -I. -I/usr/include/libxml2 -I/usr/include/libxml2 -I/usr/include/libxml2     -O3 -fno-fast-math -g -Wall -Wextra -Wno-unused-parameter -Wno-parentheses -Wno-long-long -Wno-missing-field-initializers -Wunused-variable -Wpointer-arith -Wwrite-strings -Wdeclaration-after-statement -Wimplicit-function-declaration -Wdeprecated-declarations -Wno-packed-bitfield-compat  -g -DXP_UNIX -O3 -Wall -Wcast-qual -Wwrite-strings -Wconversion -Wmissing-noreturn -Winline    conftest.c  -L. -L/tmp/build_df2ca109317f9ad19271a6531b48c141/vendor/ruby-2.2.3/lib -Wl,-R/tmp/build_df2ca109317f9ad19271a6531b48c141/vendor/ruby-2.2.3/lib -L. -fstack-protector -rdynamic -Wl,-export-dynamic        -lxml2 -lxslt -lxml2 -lexslt -lxslt -lxml2 -Wl,-R/tmp/build_df2ca109317f9ad19271a6531b48c141/vendor/ruby-2.2.3/lib -lruby-static  -lxml2 -lxslt -lxml2 -lexslt -lxslt -lxml2 -lpthread -ldl -lcrypt -lm   -lc "
conftest.c: In function ‘t’:
conftest.c:13:57: error: ‘xmlRelaxNGSetParserStructuredErrors’ undeclared (first use in this function)
 int t(void) { void ((*volatile p)()); p = (void ((*)()))xmlRelaxNGSetParserStructuredErrors; return 0; }
                                                         ^
conftest.c:13:57: note: each undeclared identifier is reported only once for each function it appears in
conftest.c:13:32: warning: variable ‘p’ set but not used [-Wunused-but-set-variable]
 int t(void) { void ((*volatile p)()); p = (void ((*)()))xmlRelaxNGSetParserStructuredErrors; return 0; }
                                ^
checked program was:
/* begin */
 1: #include "ruby.h"
 2: 
 3: /*top*/
 4: extern int t(void);
 5: int main(int argc, char **argv)
 6: {
 7:   if (argc > 1000000) {
 8:     printf("%p", &t);
 9:   }
10: 
11:   return 0;
12: }
13: int t(void) { void ((*volatile p)()); p = (void ((*)()))xmlRelaxNGSetParserStructuredErrors; return 0; }
/* end */

"gcc -o conftest -I/tmp/build_df2ca109317f9ad19271a6531b48c141/vendor/ruby-2.2.3/include/ruby-2.2.0/x86_64-linux -I/tmp/build_df2ca109317f9ad19271a6531b48c141/vendor/ruby-2.2.3/include/ruby-2.2.0/ruby/backward -I/tmp/build_df2ca109317f9ad19271a6531b48c141/vendor/ruby-2.2.3/include/ruby-2.2.0 -I. -I/usr/include/libxml2 -I/usr/include/libxml2 -I/usr/include/libxml2     -O3 -fno-fast-math -g -Wall -Wextra -Wno-unused-parameter -Wno-parentheses -Wno-long-long -Wno-missing-field-initializers -Wunused-variable -Wpointer-arith -Wwrite-strings -Wdeclaration-after-statement -Wimplicit-function-declaration -Wdeprecated-declarations -Wno-packed-bitfield-compat  -g -DXP_UNIX -O3 -Wall -Wcast-qual -Wwrite-strings -Wconversion -Wmissing-noreturn -Winline    conftest.c  -L. -L/tmp/build_df2ca109317f9ad19271a6531b48c141/vendor/ruby-2.2.3/lib -Wl,-R/tmp/build_df2ca109317f9ad19271a6531b48c141/vendor/ruby-2.2.3/lib -L. -fstack-protector -rdynamic -Wl,-export-dynamic        -lxml2 -lxslt -lxml2 -lexslt -lxslt -lxml2 -Wl,-R/tmp/build_df2ca109317f9ad19271a6531b48c141/vendor/ruby-2.2.3/lib -lruby-static  -lxml2 -lxslt -lxml2 -lexslt -lxslt -lxml2 -lpthread -ldl -lcrypt -lm   -lc "
conftest.c: In function ‘t’:
conftest.c:13:1: warning: implicit declaration of function ‘xmlRelaxNGSetParserStructuredErrors’ [-Wimplicit-function-declaration]
 int t(void) { xmlRelaxNGSetParserStructuredErrors(); return 0; }
 ^
checked program was:
/* begin */
 1: #include "ruby.h"
 2: 
 3: /*top*/
 4: extern int t(void);
 5: int main(int argc, char **argv)
 6: {
 7:   if (argc > 1000000) {
 8:     printf("%p", &t);
 9:   }
10: 
11:   return 0;
12: }
13: int t(void) { xmlRelaxNGSetParserStructuredErrors(); return 0; }
/* end */

--------------------

have_func: checking for xmlRelaxNGSetParserStructuredErrors()... -------------------- yes

"gcc -o conftest -I/tmp/build_df2ca109317f9ad19271a6531b48c141/vendor/ruby-2.2.3/include/ruby-2.2.0/x86_64-linux -I/tmp/build_df2ca109317f9ad19271a6531b48c141/vendor/ruby-2.2.3/include/ruby-2.2.0/ruby/backward -I/tmp/build_df2ca109317f9ad19271a6531b48c141/vendor/ruby-2.2.3/include/ruby-2.2.0 -I. -I/usr/include/libxml2 -I/usr/include/libxml2 -I/usr/include/libxml2     -O3 -fno-fast-math -g -Wall -Wextra -Wno-unused-parameter -Wno-parentheses -Wno-long-long -Wno-missing-field-initializers -Wunused-variable -Wpointer-arith -Wwrite-strings -Wdeclaration-after-statement -Wimplicit-function-declaration -Wdeprecated-declarations -Wno-packed-bitfield-compat  -g -DXP_UNIX -O3 -Wall -Wcast-qual -Wwrite-strings -Wconversion -Wmissing-noreturn -Winline    conftest.c  -L. -L/tmp/build_df2ca109317f9ad19271a6531b48c141/vendor/ruby-2.2.3/lib -Wl,-R/tmp/build_df2ca109317f9ad19271a6531b48c141/vendor/ruby-2.2.3/lib -L. -fstack-protector -rdynamic -Wl,-export-dynamic        -lxml2 -lxslt -lxml2 -lexslt -lxslt -lxml2 -Wl,-R/tmp/build_df2ca109317f9ad19271a6531b48c141/vendor/ruby-2.2.3/lib -lruby-static  -lxml2 -lxslt -lxml2 -lexslt -lxslt -lxml2 -lpthread -ldl -lcrypt -lm   -lc "
conftest.c: In function ‘t’:
conftest.c:13:57: error: ‘xmlRelaxNGSetParserStructuredErrors’ undeclared (first use in this function)
 int t(void) { void ((*volatile p)()); p = (void ((*)()))xmlRelaxNGSetParserStructuredErrors; return 0; }
                                                         ^
conftest.c:13:57: note: each undeclared identifier is reported only once for each function it appears in
conftest.c:13:32: warning: variable ‘p’ set but not used [-Wunused-but-set-variable]
 int t(void) { void ((*volatile p)()); p = (void ((*)()))xmlRelaxNGSetParserStructuredErrors; return 0; }
                                ^
checked program was:
/* begin */
 1: #include "ruby.h"
 2: 
 3: /*top*/
 4: extern int t(void);
 5: int main(int argc, char **argv)
 6: {
 7:   if (argc > 1000000) {
 8:     printf("%p", &t);
 9:   }
10: 
11:   return 0;
12: }
13: int t(void) { void ((*volatile p)()); p = (void ((*)()))xmlRelaxNGSetParserStructuredErrors; return 0; }
/* end */

"gcc -o conftest -I/tmp/build_df2ca109317f9ad19271a6531b48c141/vendor/ruby-2.2.3/include/ruby-2.2.0/x86_64-linux -I/tmp/build_df2ca109317f9ad19271a6531b48c141/vendor/ruby-2.2.3/include/ruby-2.2.0/ruby/backward -I/tmp/build_df2ca109317f9ad19271a6531b48c141/vendor/ruby-2.2.3/include/ruby-2.2.0 -I. -I/usr/include/libxml2 -I/usr/include/libxml2 -I/usr/include/libxml2     -O3 -fno-fast-math -g -Wall -Wextra -Wno-unused-parameter -Wno-parentheses -Wno-long-long -Wno-missing-field-initializers -Wunused-variable -Wpointer-arith -Wwrite-strings -Wdeclaration-after-statement -Wimplicit-function-declaration -Wdeprecated-declarations -Wno-packed-bitfield-compat  -g -DXP_UNIX -O3 -Wall -Wcast-qual -Wwrite-strings -Wconversion -Wmissing-noreturn -Winline    conftest.c  -L. -L/tmp/build_df2ca109317f9ad19271a6531b48c141/vendor/ruby-2.2.3/lib -Wl,-R/tmp/build_df2ca109317f9ad19271a6531b48c141/vendor/ruby-2.2.3/lib -L. -fstack-protector -rdynamic -Wl,-export-dynamic        -lxml2 -lxslt -lxml2 -lexslt -lxslt -lxml2 -Wl,-R/tmp/build_df2ca109317f9ad19271a6531b48c141/vendor/ruby-2.2.3/lib -lruby-static  -lxml2 -lxslt -lxml2 -lexslt -lxslt -lxml2 -lpthread -ldl -lcrypt -lm   -lc "
conftest.c: In function ‘t’:
conftest.c:13:1: warning: implicit declaration of function ‘xmlRelaxNGSetParserStructuredErrors’ [-Wimplicit-function-declaration]
 int t(void) { xmlRelaxNGSetParserStructuredErrors(); return 0; }
 ^
checked program was:
/* begin */
 1: #include "ruby.h"
 2: 
 3: /*top*/
 4: extern int t(void);
 5: int main(int argc, char **argv)
 6: {
 7:   if (argc > 1000000) {
 8:     printf("%p", &t);
 9:   }
10: 
11:   return 0;
12: }
13: int t(void) { xmlRelaxNGSetParserStructuredErrors(); return 0; }
/* end */

--------------------

have_func: checking for xmlRelaxNGSetValidStructuredErrors()... -------------------- yes

"gcc -o conftest -I/tmp/build_df2ca109317f9ad19271a6531b48c141/vendor/ruby-2.2.3/include/ruby-2.2.0/x86_64-linux -I/tmp/build_df2ca109317f9ad19271a6531b48c141/vendor/ruby-2.2.3/include/ruby-2.2.0/ruby/backward -I/tmp/build_df2ca109317f9ad19271a6531b48c141/vendor/ruby-2.2.3/include/ruby-2.2.0 -I. -I/usr/include/libxml2 -I/usr/include/libxml2 -I/usr/include/libxml2     -O3 -fno-fast-math -g -Wall -Wextra -Wno-unused-parameter -Wno-parentheses -Wno-long-long -Wno-missing-field-initializers -Wunused-variable -Wpointer-arith -Wwrite-strings -Wdeclaration-after-statement -Wimplicit-function-declaration -Wdeprecated-declarations -Wno-packed-bitfield-compat  -g -DXP_UNIX -O3 -Wall -Wcast-qual -Wwrite-strings -Wconversion -Wmissing-noreturn -Winline    conftest.c  -L. -L/tmp/build_df2ca109317f9ad19271a6531b48c141/vendor/ruby-2.2.3/lib -Wl,-R/tmp/build_df2ca109317f9ad19271a6531b48c141/vendor/ruby-2.2.3/lib -L. -fstack-protector -rdynamic -Wl,-export-dynamic        -lxml2 -lxslt -lxml2 -lexslt -lxslt -lxml2 -Wl,-R/tmp/build_df2ca109317f9ad19271a6531b48c141/vendor/ruby-2.2.3/lib -lruby-static  -lxml2 -lxslt -lxml2 -lexslt -lxslt -lxml2 -lpthread -ldl -lcrypt -lm   -lc "
conftest.c: In function ‘t’:
conftest.c:13:57: error: ‘xmlRelaxNGSetValidStructuredErrors’ undeclared (first use in this function)
 int t(void) { void ((*volatile p)()); p = (void ((*)()))xmlRelaxNGSetValidStructuredErrors; return 0; }
                                                         ^
conftest.c:13:57: note: each undeclared identifier is reported only once for each function it appears in
conftest.c:13:32: warning: variable ‘p’ set but not used [-Wunused-but-set-variable]
 int t(void) { void ((*volatile p)()); p = (void ((*)()))xmlRelaxNGSetValidStructuredErrors; return 0; }
                                ^
checked program was:
/* begin */
 1: #include "ruby.h"
 2: 
 3: /*top*/
 4: extern int t(void);
 5: int main(int argc, char **argv)
 6: {
 7:   if (argc > 1000000) {
 8:     printf("%p", &t);
 9:   }
10: 
11:   return 0;
12: }
13: int t(void) { void ((*volatile p)()); p = (void ((*)()))xmlRelaxNGSetValidStructuredErrors; return 0; }
/* end */

"gcc -o conftest -I/tmp/build_df2ca109317f9ad19271a6531b48c141/vendor/ruby-2.2.3/include/ruby-2.2.0/x86_64-linux -I/tmp/build_df2ca109317f9ad19271a6531b48c141/vendor/ruby-2.2.3/include/ruby-2.2.0/ruby/backward -I/tmp/build_df2ca109317f9ad19271a6531b48c141/vendor/ruby-2.2.3/include/ruby-2.2.0 -I. -I/usr/include/libxml2 -I/usr/include/libxml2 -I/usr/include/libxml2     -O3 -fno-fast-math -g -Wall -Wextra -Wno-unused-parameter -Wno-parentheses -Wno-long-long -Wno-missing-field-initializers -Wunused-variable -Wpointer-arith -Wwrite-strings -Wdeclaration-after-statement -Wimplicit-function-declaration -Wdeprecated-declarations -Wno-packed-bitfield-compat  -g -DXP_UNIX -O3 -Wall -Wcast-qual -Wwrite-strings -Wconversion -Wmissing-noreturn -Winline    conftest.c  -L. -L/tmp/build_df2ca109317f9ad19271a6531b48c141/vendor/ruby-2.2.3/lib -Wl,-R/tmp/build_df2ca109317f9ad19271a6531b48c141/vendor/ruby-2.2.3/lib -L. -fstack-protector -rdynamic -Wl,-export-dynamic        -lxml2 -lxslt -lxml2 -lexslt -lxslt -lxml2 -Wl,-R/tmp/build_df2ca109317f9ad19271a6531b48c141/vendor/ruby-2.2.3/lib -lruby-static  -lxml2 -lxslt -lxml2 -lexslt -lxslt -lxml2 -lpthread -ldl -lcrypt -lm   -lc "
conftest.c: In function ‘t’:
conftest.c:13:1: warning: implicit declaration of function ‘xmlRelaxNGSetValidStructuredErrors’ [-Wimplicit-function-declaration]
 int t(void) { xmlRelaxNGSetValidStructuredErrors(); return 0; }
 ^
checked program was:
/* begin */
 1: #include "ruby.h"
 2: 
 3: /*top*/
 4: extern int t(void);
 5: int main(int argc, char **argv)
 6: {
 7:   if (argc > 1000000) {
 8:     printf("%p", &t);
 9:   }
10: 
11:   return 0;
12: }
13: int t(void) { xmlRelaxNGSetValidStructuredErrors(); return 0; }
/* end */

--------------------

have_func: checking for xmlSchemaSetValidStructuredErrors()... -------------------- yes

"gcc -o conftest -I/tmp/build_df2ca109317f9ad19271a6531b48c141/vendor/ruby-2.2.3/include/ruby-2.2.0/x86_64-linux -I/tmp/build_df2ca109317f9ad19271a6531b48c141/vendor/ruby-2.2.3/include/ruby-2.2.0/ruby/backward -I/tmp/build_df2ca109317f9ad19271a6531b48c141/vendor/ruby-2.2.3/include/ruby-2.2.0 -I. -I/usr/include/libxml2 -I/usr/include/libxml2 -I/usr/include/libxml2     -O3 -fno-fast-math -g -Wall -Wextra -Wno-unused-parameter -Wno-parentheses -Wno-long-long -Wno-missing-field-initializers -Wunused-variable -Wpointer-arith -Wwrite-strings -Wdeclaration-after-statement -Wimplicit-function-declaration -Wdeprecated-declarations -Wno-packed-bitfield-compat  -g -DXP_UNIX -O3 -Wall -Wcast-qual -Wwrite-strings -Wconversion -Wmissing-noreturn -Winline    conftest.c  -L. -L/tmp/build_df2ca109317f9ad19271a6531b48c141/vendor/ruby-2.2.3/lib -Wl,-R/tmp/build_df2ca109317f9ad19271a6531b48c141/vendor/ruby-2.2.3/lib -L. -fstack-protector -rdynamic -Wl,-export-dynamic        -lxml2 -lxslt -lxml2 -lexslt -lxslt -lxml2 -Wl,-R/tmp/build_df2ca109317f9ad19271a6531b48c141/vendor/ruby-2.2.3/lib -lruby-static  -lxml2 -lxslt -lxml2 -lexslt -lxslt -lxml2 -lpthread -ldl -lcrypt -lm   -lc "
conftest.c: In function ‘t’:
conftest.c:13:57: error: ‘xmlSchemaSetValidStructuredErrors’ undeclared (first use in this function)
 int t(void) { void ((*volatile p)()); p = (void ((*)()))xmlSchemaSetValidStructuredErrors; return 0; }
                                                         ^
conftest.c:13:57: note: each undeclared identifier is reported only once for each function it appears in
conftest.c:13:32: warning: variable ‘p’ set but not used [-Wunused-but-set-variable]
 int t(void) { void ((*volatile p)()); p = (void ((*)()))xmlSchemaSetValidStructuredErrors; return 0; }
                                ^
checked program was:
/* begin */
 1: #include "ruby.h"
 2: 
 3: /*top*/
 4: extern int t(void);
 5: int main(int argc, char **argv)
 6: {
 7:   if (argc > 1000000) {
 8:     printf("%p", &t);
 9:   }
10: 
11:   return 0;
12: }
13: int t(void) { void ((*volatile p)()); p = (void ((*)()))xmlSchemaSetValidStructuredErrors; return 0; }
/* end */

"gcc -o conftest -I/tmp/build_df2ca109317f9ad19271a6531b48c141/vendor/ruby-2.2.3/include/ruby-2.2.0/x86_64-linux -I/tmp/build_df2ca109317f9ad19271a6531b48c141/vendor/ruby-2.2.3/include/ruby-2.2.0/ruby/backward -I/tmp/build_df2ca109317f9ad19271a6531b48c141/vendor/ruby-2.2.3/include/ruby-2.2.0 -I. -I/usr/include/libxml2 -I/usr/include/libxml2 -I/usr/include/libxml2     -O3 -fno-fast-math -g -Wall -Wextra -Wno-unused-parameter -Wno-parentheses -Wno-long-long -Wno-missing-field-initializers -Wunused-variable -Wpointer-arith -Wwrite-strings -Wdeclaration-after-statement -Wimplicit-function-declaration -Wdeprecated-declarations -Wno-packed-bitfield-compat  -g -DXP_UNIX -O3 -Wall -Wcast-qual -Wwrite-strings -Wconversion -Wmissing-noreturn -Winline    conftest.c  -L. -L/tmp/build_df2ca109317f9ad19271a6531b48c141/vendor/ruby-2.2.3/lib -Wl,-R/tmp/build_df2ca109317f9ad19271a6531b48c141/vendor/ruby-2.2.3/lib -L. -fstack-protector -rdynamic -Wl,-export-dynamic        -lxml2 -lxslt -lxml2 -lexslt -lxslt -lxml2 -Wl,-R/tmp/build_df2ca109317f9ad19271a6531b48c141/vendor/ruby-2.2.3/lib -lruby-static  -lxml2 -lxslt -lxml2 -lexslt -lxslt -lxml2 -lpthread -ldl -lcrypt -lm   -lc "
conftest.c: In function ‘t’:
conftest.c:13:1: warning: implicit declaration of function ‘xmlSchemaSetValidStructuredErrors’ [-Wimplicit-function-declaration]
 int t(void) { xmlSchemaSetValidStructuredErrors(); return 0; }
 ^
checked program was:
/* begin */
 1: #include "ruby.h"
 2: 
 3: /*top*/
 4: extern int t(void);
 5: int main(int argc, char **argv)
 6: {
 7:   if (argc > 1000000) {
 8:     printf("%p", &t);
 9:   }
10: 
11:   return 0;
12: }
13: int t(void) { xmlSchemaSetValidStructuredErrors(); return 0; }
/* end */

--------------------

have_func: checking for xmlSchemaSetParserStructuredErrors()... -------------------- yes

"gcc -o conftest -I/tmp/build_df2ca109317f9ad19271a6531b48c141/vendor/ruby-2.2.3/include/ruby-2.2.0/x86_64-linux -I/tmp/build_df2ca109317f9ad19271a6531b48c141/vendor/ruby-2.2.3/include/ruby-2.2.0/ruby/backward -I/tmp/build_df2ca109317f9ad19271a6531b48c141/vendor/ruby-2.2.3/include/ruby-2.2.0 -I. -I/usr/include/libxml2 -I/usr/include/libxml2 -I/usr/include/libxml2     -O3 -fno-fast-math -g -Wall -Wextra -Wno-unused-parameter -Wno-parentheses -Wno-long-long -Wno-missing-field-initializers -Wunused-variable -Wpointer-arith -Wwrite-strings -Wdeclaration-after-statement -Wimplicit-function-declaration -Wdeprecated-declarations -Wno-packed-bitfield-compat  -g -DXP_UNIX -O3 -Wall -Wcast-qual -Wwrite-strings -Wconversion -Wmissing-noreturn -Winline    conftest.c  -L. -L/tmp/build_df2ca109317f9ad19271a6531b48c141/vendor/ruby-2.2.3/lib -Wl,-R/tmp/build_df2ca109317f9ad19271a6531b48c141/vendor/ruby-2.2.3/lib -L. -fstack-protector -rdynamic -Wl,-export-dynamic        -lxml2 -lxslt -lxml2 -lexslt -lxslt -lxml2 -Wl,-R/tmp/build_df2ca109317f9ad19271a6531b48c141/vendor/ruby-2.2.3/lib -lruby-static  -lxml2 -lxslt -lxml2 -lexslt -lxslt -lxml2 -lpthread -ldl -lcrypt -lm   -lc "
conftest.c: In function ‘t’:
conftest.c:13:57: error: ‘xmlSchemaSetParserStructuredErrors’ undeclared (first use in this function)
 int t(void) { void ((*volatile p)()); p = (void ((*)()))xmlSchemaSetParserStructuredErrors; return 0; }
                                                         ^
conftest.c:13:57: note: each undeclared identifier is reported only once for each function it appears in
conftest.c:13:32: warning: variable ‘p’ set but not used [-Wunused-but-set-variable]
 int t(void) { void ((*volatile p)()); p = (void ((*)()))xmlSchemaSetParserStructuredErrors; return 0; }
                                ^
checked program was:
/* begin */
 1: #include "ruby.h"
 2: 
 3: /*top*/
 4: extern int t(void);
 5: int main(int argc, char **argv)
 6: {
 7:   if (argc > 1000000) {
 8:     printf("%p", &t);
 9:   }
10: 
11:   return 0;
12: }
13: int t(void) { void ((*volatile p)()); p = (void ((*)()))xmlSchemaSetParserStructuredErrors; return 0; }
/* end */

"gcc -o conftest -I/tmp/build_df2ca109317f9ad19271a6531b48c141/vendor/ruby-2.2.3/include/ruby-2.2.0/x86_64-linux -I/tmp/build_df2ca109317f9ad19271a6531b48c141/vendor/ruby-2.2.3/include/ruby-2.2.0/ruby/backward -I/tmp/build_df2ca109317f9ad19271a6531b48c141/vendor/ruby-2.2.3/include/ruby-2.2.0 -I. -I/usr/include/libxml2 -I/usr/include/libxml2 -I/usr/include/libxml2     -O3 -fno-fast-math -g -Wall -Wextra -Wno-unused-parameter -Wno-parentheses -Wno-long-long -Wno-missing-field-initializers -Wunused-variable -Wpointer-arith -Wwrite-strings -Wdeclaration-after-statement -Wimplicit-function-declaration -Wdeprecated-declarations -Wno-packed-bitfield-compat  -g -DXP_UNIX -O3 -Wall -Wcast-qual -Wwrite-strings -Wconversion -Wmissing-noreturn -Winline    conftest.c  -L. -L/tmp/build_df2ca109317f9ad19271a6531b48c141/vendor/ruby-2.2.3/lib -Wl,-R/tmp/build_df2ca109317f9ad19271a6531b48c141/vendor/ruby-2.2.3/lib -L. -fstack-protector -rdynamic -Wl,-export-dynamic        -lxml2 -lxslt -lxml2 -lexslt -lxslt -lxml2 -Wl,-R/tmp/build_df2ca109317f9ad19271a6531b48c141/vendor/ruby-2.2.3/lib -lruby-static  -lxml2 -lxslt -lxml2 -lexslt -lxslt -lxml2 -lpthread -ldl -lcrypt -lm   -lc "
conftest.c: In function ‘t’:
conftest.c:13:1: warning: implicit declaration of function ‘xmlSchemaSetParserStructuredErrors’ [-Wimplicit-function-declaration]
 int t(void) { xmlSchemaSetParserStructuredErrors(); return 0; }
 ^
checked program was:
/* begin */
 1: #include "ruby.h"
 2: 
 3: /*top*/
 4: extern int t(void);
 5: int main(int argc, char **argv)
 6: {
 7:   if (argc > 1000000) {
 8:     printf("%p", &t);
 9:   }
10: 
11:   return 0;
12: }
13: int t(void) { xmlSchemaSetParserStructuredErrors(); return 0; }
/* end */

--------------------

